This file contains any messages produced by compilers while
running configure, to aid debugging if configure makes a mistake.

It was created by antlr configure 2.7.2, which was
generated by GNU Autoconf 2.52.  Invocation command line was

  $ ./configure 

## ---------- ##
## Platform.  ##
## ---------- ##

hostname = Idriss.local
uname -m = x86_64
uname -r = 20.3.0
uname -s = Darwin
uname -v = Darwin Kernel Version 20.3.0: Thu Jan 21 00:07:06 PST 2021; root:xnu-7195.81.3~1/RELEASE_X86_64

/usr/bin/uname -p = i386
/bin/uname -X     = unknown

/bin/arch              = unknown
/usr/bin/arch -k       = unknown
/usr/convex/getsysinfo = unknown
hostinfo               = Mach kernel version:
	 Darwin Kernel Version 20.3.0: Thu Jan 21 00:07:06 PST 2021; root:xnu-7195.81.3~1/RELEASE_X86_64
Kernel configured for up to 12 processors.
6 processors are physically available.
12 processors are logically available.
Processor type: x86_64h (Intel x86-64h Haswell)
Processors active: 0 1 2 3 4 5 6 7 8 9 10 11
Primary memory available: 16.00 gigabytes
Default processor set: 640 tasks, 3342 threads, 12 processors
Load average: 2.64, Mach factor: 9.35
/bin/machine           = unknown
/usr/bin/oslevel       = unknown
/bin/universe          = unknown

PATH = /Users/idrissr/.sdkman/candidates/java/8.0.275.fx-zulu/bin:/usr/local/bin:/usr/bin:/bin:/usr/sbin:/sbin:/Library/TeX/texbin:/Library/Apple/usr/bin

## ------------ ##
## Core tests.  ##
## ------------ ##

configure:944: PATH=".;."; conftest.sh
./configure: line 945: conftest.sh: command not found
configure:947: $? = 127
configure:985: checking if examples must be built
configure:996: result: no
configure:1009: checking if BOOTSTRAP_JAR is set
configure:1013: result: /antlrall.jar
configure:1024: checking for ar
configure:1041: found /usr/bin/ar
configure:1052: result: /usr/bin/ar
configure:1067: checking for as
configure:1084: found /usr/bin/as
configure:1095: result: /usr/bin/as
configure:1150: checking for gcc
configure:1165: found /usr/bin/gcc
configure:1173: result: gcc
configure:1401: checking for C compiler version
configure:1404: gcc --version </dev/null >&5
Configured with: --prefix=/Applications/Xcode.app/Contents/Developer/usr --with-gxx-include-dir=/Applications/Xcode.app/Contents/Developer/Platforms/MacOSX.platform/Developer/SDKs/MacOSX.sdk/usr/include/c++/4.2.1
Apple clang version 12.0.0 (clang-1200.0.32.29)
Target: x86_64-apple-darwin20.3.0
Thread model: posix
InstalledDir: /Applications/Xcode.app/Contents/Developer/Toolchains/XcodeDefault.xctoolchain/usr/bin
configure:1407: $? = 0
configure:1409: gcc -v </dev/null >&5
Configured with: --prefix=/Applications/Xcode.app/Contents/Developer/usr --with-gxx-include-dir=/Applications/Xcode.app/Contents/Developer/Platforms/MacOSX.platform/Developer/SDKs/MacOSX.sdk/usr/include/c++/4.2.1
Apple clang version 12.0.0 (clang-1200.0.32.29)
Target: x86_64-apple-darwin20.3.0
Thread model: posix
InstalledDir: /Applications/Xcode.app/Contents/Developer/Toolchains/XcodeDefault.xctoolchain/usr/bin
configure:1412: $? = 0
configure:1414: gcc -V </dev/null >&5
clang: error: argument to '-V' is missing (expected 1 value)
clang: error: no input files
configure:1417: $? = 1
configure:1437: checking for C compiler default output
configure:1440: gcc    conftest.c  >&5
configure:1443: $? = 0
configure:1472: result: a.out
configure:1477: checking whether the C compiler works
configure:1483: ./a.out
configure:1486: $? = 0
configure:1501: result: yes
configure:1508: checking whether we are cross compiling
configure:1510: result: no
configure:1513: checking for executable suffix
configure:1515: gcc -o conftest    conftest.c  >&5
configure:1518: $? = 0
configure:1540: result: 
configure:1546: checking for object suffix
configure:1564: gcc -c   conftest.c >&5
configure:1567: $? = 0
configure:1586: result: o
configure:1590: checking whether we are using the GNU C compiler
configure:1611: gcc -c   conftest.c >&5
configure:1614: $? = 0
configure:1617: test -s conftest.o
configure:1620: $? = 0
configure:1632: result: yes
configure:1638: checking whether gcc accepts -g
configure:1656: gcc -c -g  conftest.c >&5
configure:1659: $? = 0
configure:1662: test -s conftest.o
configure:1665: $? = 0
configure:1675: result: yes
configure:1702: gcc -c -g -O2  conftest.c >&5
conftest.c:2:3: error: unknown type name 'choke'
  choke me
  ^
conftest.c:2:11: error: expected ';' after top level declarator
  choke me
          ^
          ;
2 errors generated.
configure:1705: $? = 1
configure: failed program was:
#ifndef __cplusplus
  choke me
#endif
configure:1811: checking how to run the C preprocessor
configure:1837: gcc -E  conftest.c
configure:1843: $? = 0
configure:1870: gcc -E  conftest.c
configure:1867:10: fatal error: 'ac_nonexistent.h' file not found
#include <ac_nonexistent.h>
         ^~~~~~~~~~~~~~~~~~
1 error generated.
configure:1876: $? = 1
configure: failed program was:
#line 1866 "configure"
#include "confdefs.h"
#include <ac_nonexistent.h>
configure:1913: result: gcc -E
configure:1928: gcc -E  conftest.c
configure:1934: $? = 0
configure:1961: gcc -E  conftest.c
configure:1958:10: fatal error: 'ac_nonexistent.h' file not found
#include <ac_nonexistent.h>
         ^~~~~~~~~~~~~~~~~~
1 error generated.
configure:1967: $? = 1
configure: failed program was:
#line 1957 "configure"
#include "confdefs.h"
#include <ac_nonexistent.h>
configure:2055: checking for g++
configure:2070: found /usr/bin/g++
configure:2078: result: g++
configure:2093: checking for C++ compiler version
configure:2096: g++ --version </dev/null >&5
Configured with: --prefix=/Applications/Xcode.app/Contents/Developer/usr --with-gxx-include-dir=/Applications/Xcode.app/Contents/Developer/Platforms/MacOSX.platform/Developer/SDKs/MacOSX.sdk/usr/include/c++/4.2.1
Apple clang version 12.0.0 (clang-1200.0.32.29)
Target: x86_64-apple-darwin20.3.0
Thread model: posix
InstalledDir: /Applications/Xcode.app/Contents/Developer/Toolchains/XcodeDefault.xctoolchain/usr/bin
configure:2099: $? = 0
configure:2101: g++ -v </dev/null >&5
Configured with: --prefix=/Applications/Xcode.app/Contents/Developer/usr --with-gxx-include-dir=/Applications/Xcode.app/Contents/Developer/Platforms/MacOSX.platform/Developer/SDKs/MacOSX.sdk/usr/include/c++/4.2.1
Apple clang version 12.0.0 (clang-1200.0.32.29)
Target: x86_64-apple-darwin20.3.0
Thread model: posix
InstalledDir: /Applications/Xcode.app/Contents/Developer/Toolchains/XcodeDefault.xctoolchain/usr/bin
configure:2104: $? = 0
configure:2106: g++ -V </dev/null >&5
clang: error: argument to '-V' is missing (expected 1 value)
clang: error: no input files
configure:2109: $? = 1
configure:2112: checking whether we are using the GNU C++ compiler
configure:2133: g++ -c   conftest.cc >&5
configure:2136: $? = 0
configure:2139: test -s conftest.o
configure:2142: $? = 0
configure:2154: result: yes
configure:2160: checking whether g++ accepts -g
configure:2178: g++ -c -g  conftest.cc >&5
configure:2181: $? = 0
configure:2184: test -s conftest.o
configure:2187: $? = 0
configure:2197: result: yes
configure:2237: g++ -c -g -O2  conftest.cc >&5
configure:2240: $? = 0
configure:2243: test -s conftest.o
configure:2246: $? = 0
configure:2268: g++ -c -g -O2  conftest.cc >&5
configure:2261:1: error: use of undeclared identifier 'exit'
exit (42);
^
1 error generated.
configure:2271: $? = 1
configure: failed program was:
#line 2256 "configure"
#include "confdefs.h"

int
main ()
{
exit (42);
  ;
  return 0;
}
configure:2237: g++ -c -g -O2  conftest.cc >&5
configure:2240: $? = 0
configure:2243: test -s conftest.o
configure:2246: $? = 0
configure:2268: g++ -c -g -O2  conftest.cc >&5
configure:2271: $? = 0
configure:2274: test -s conftest.o
configure:2277: $? = 0
configure:2307: checking how to run the C++ preprocessor
configure:2329: g++ -E  conftest.cc
configure:2335: $? = 0
configure:2362: g++ -E  conftest.cc
configure:2359:10: fatal error: 'ac_nonexistent.h' file not found
#include <ac_nonexistent.h>
         ^~~~~~~~~~~~~~~~~~
1 error generated.
configure:2368: $? = 1
configure: failed program was:
#line 2358 "configure"
#include "confdefs.h"
#include <ac_nonexistent.h>
configure:2405: result: g++ -E
configure:2420: g++ -E  conftest.cc
configure:2426: $? = 0
configure:2453: g++ -E  conftest.cc
configure:2450:10: fatal error: 'ac_nonexistent.h' file not found
#include <ac_nonexistent.h>
         ^~~~~~~~~~~~~~~~~~
1 error generated.
configure:2459: $? = 1
configure: failed program was:
#line 2449 "configure"
#include "confdefs.h"
#include <ac_nonexistent.h>
configure:2500: checking for doxygen
configure:2529: result: doxygen
configure:2548: checking for a BSD compatible install
configure:2597: result: /usr/local/bin/ginstall -c
configure:2643: checking for javac
configure:2658: found /Users/idrissr/.sdkman/candidates/java/8.0.275.fx-zulu/bin/javac
configure:2666: result: javac
configure:2720: checking if javac works
configure:2734: javac  Test.java
configure:2737: $? = 0
configure:2750: result: yes
configure:2758: checking for java
configure:2773: found /Users/idrissr/.sdkman/candidates/java/8.0.275.fx-zulu/bin/java
configure:2781: result: java
configure:2837: checking for uudecode
configure:2852: found /usr/bin/uudecode
configure:2860: result: yes
configure:2868: checking if uudecode can decode base 64 file
configure:2895: result: yes
configure:3026: checking if java works
configure:3059: CLASSPATH=:. java  Test
configure:3062: $? = 0
configure:3075: result: yes
configure:3083: checking for jar
configure:3098: found /Users/idrissr/.sdkman/candidates/java/8.0.275.fx-zulu/bin/jar
configure:3106: result: jar
configure:3164: checking for ld
configure:3181: found /usr/bin/ld
configure:3192: result: /usr/bin/ld
configure:3203: checking whether ln -s works
configure:3207: result: yes
configure:3214: checking whether make sets ${MAKE}
configure:3234: result: yes
configure:3245: checking for makedepend
configure:3274: result: makedepend 
configure:3283: checking for mkdir
configure:3300: found /bin/mkdir
configure:3312: result: /bin/mkdir
configure:3323: checking for nm
configure:3340: found /usr/bin/nm
configure:3351: result: /usr/bin/nm
configure:3400: checking for ranlib
configure:3415: found /usr/bin/ranlib
configure:3424: result: ranlib
configure:3438: checking for rm
configure:3455: found /bin/rm
configure:3467: result: /bin/rm
configure:3478: checking for strip
configure:3495: found /usr/bin/strip
configure:3506: result: /usr/bin/strip
configure:3521: checking for gtar
configure:3552: result: no
configure:3521: checking for tar
configure:3538: found /usr/bin/tar
configure:3549: result: /usr/bin/tar
configure:3562: checking for tclsh
configure:3579: found /usr/bin/tclsh
configure:3591: result: /usr/bin/tclsh
configure:3600: checking for touch
configure:3617: found /usr/bin/touch
configure:3629: result: /usr/bin/touch
configure:3638: checking for ANSI C header files
configure:3652: gcc -E  conftest.c
configure:3658: $? = 0
configure:3745: gcc -o conftest -g -O2 -W -Wall -pipe   conftest.c  >&5
configure:3737:7: error: implicitly declaring library function 'exit' with type 'void (int) __attribute__((noreturn))' [-Werror,-Wimplicit-function-declaration]
      exit(2);
      ^
configure:3737:7: note: include the header <stdlib.h> or explicitly provide a declaration for 'exit'
1 error generated.
configure:3748: $? = 1
configure: program exited with status 1
configure: failed program was:
#line 3719 "configure"
#include "confdefs.h"
#include <ctype.h>
#if ((' ' & 0x0FF) == 0x020)
# define ISLOWER(c) ('a' <= (c) && (c) <= 'z')
# define TOUPPER(c) (ISLOWER(c) ? 'A' + ((c) - 'a') : (c))
#else
# define ISLOWER(c) (('a' <= (c) && (c) <= 'i')                      || ('j' <= (c) && (c) <= 'r')                      || ('s' <= (c) && (c) <= 'z'))
# define TOUPPER(c) (ISLOWER(c) ? ((c) | 0x40) : (c))
#endif

#define XOR(e, f) (((e) && !(f)) || (!(e) && (f)))
int
main ()
{
  int i;
  for (i = 0; i < 256; i++)
    if (XOR (islower (i), ISLOWER (i))
        || toupper (i) != TOUPPER (i))
      exit(2);
  exit (0);
}
configure:3766: result: no
configure:3779: checking for stdlib.h
configure:3789: gcc -E  conftest.c
configure:3795: $? = 0
configure:3814: result: yes
configure:3779: checking for unistd.h
configure:3789: gcc -E  conftest.c
configure:3795: $? = 0
configure:3814: result: yes
configure:3825: checking for gcc option to accept ANSI C
configure:3882: gcc  -c -g -O2 -W -Wall -pipe  conftest.c >&5
configure:3885: $? = 0
configure:3888: test -s conftest.o
configure:3891: $? = 0
configure:3908: result: none needed
configure:3916: checking for an ANSI C-conforming const
configure:3980: gcc -c -g -O2 -W -Wall -pipe  conftest.c >&5
configure:3950:17: warning: unused variable 's' [-Wunused-variable]
    char const *s = 0 ? (char *) 0 : (char const *) 0;
                ^
configure:3970:15: warning: unused variable 'foo' [-Wunused-variable]
    const int foo = 10;
              ^
configure:3931:17: warning: unused variable 'x' [-Wunused-variable]
  const charset x;
                ^
configure:3937:29: warning: unused variable 'zero' [-Wunused-variable]
  static struct point const zero = {0,0};
                            ^
configure:3952:6: warning: variable 't' is uninitialized when used here [-Wuninitialized]
    *t++ = 0;
     ^
configure:3949:12: note: initialize the variable 't' to silence this warning
    char *t;
           ^
            = 0
configure:3967:18: warning: variable 'b' is uninitialized when used here [-Wuninitialized]
    struct s *b; b->j = 5;
                 ^
configure:3967:16: note: initialize the variable 'b' to silence this warning
    struct s *b; b->j = 5;
               ^
                = 0
6 warnings generated.
configure:3983: $? = 0
configure:3986: test -s conftest.o
configure:3989: $? = 0
configure:3999: result: yes
configure:4009: checking for inline
configure:4026: gcc -c -g -O2 -W -Wall -pipe  conftest.c >&5
configure:4019:19: warning: unused function 'static_foo' [-Wunused-function]
static inline int static_foo () {return 0; }
                  ^
1 warning generated.
configure:4029: $? = 0
configure:4032: test -s conftest.o
configure:4035: $? = 0
configure:4046: result: inline
configure:4066: checking for stdlib.h
configure:4101: result: yes
configure:4111: checking for working malloc
configure:4137: gcc -o conftest -g -O2 -W -Wall -pipe   conftest.c  >&5
configure:4140: $? = 0
configure:4142: ./conftest
configure:4145: $? = 0
configure:4157: result: yes
configure:4172: checking for strcasecmp
configure:4209: gcc -o conftest -g -O2 -W -Wall -pipe   conftest.c  >&5
configure:4188:6: warning: incompatible redeclaration of library function 'strcasecmp' [-Wincompatible-library-redeclaration]
char strcasecmp ();
     ^
configure:4188:6: note: 'strcasecmp' is a builtin with type 'int (const char *, const char *)'
1 warning generated.
configure:4212: $? = 0
configure:4215: test -s conftest
configure:4218: $? = 0
configure:4228: result: yes
configure:4349: creating ./config.status

## ----------------------- ##
## Running config.status.  ##
## ----------------------- ##

This file was extended by config.status (antlr 2.7.2) 2.52, executed with
  CONFIG_FILES    = 
  CONFIG_HEADERS  = 
  CONFIG_LINKS    = 
  CONFIG_COMMANDS = 
  > ./config.status 
on Idriss.local

config.status:4812: creating scripts/Config.make
config.status:4812: creating scripts/antlr-config
config.status:4812: creating scripts/run-antlr

## ----------------- ##
## Cache variables.  ##
## ----------------- ##

ac_cv_c_compiler_gnu=yes
ac_cv_c_const=yes
ac_cv_c_inline=inline
ac_cv_cxx_compiler_gnu=yes
ac_cv_env_BOOTSTRAP_JAR_set=
ac_cv_env_BOOTSTRAP_JAR_value=
ac_cv_env_CC_set=
ac_cv_env_CC_value=
ac_cv_env_CFLAGS_set=
ac_cv_env_CFLAGS_value=
ac_cv_env_CPPFLAGS_set=
ac_cv_env_CPPFLAGS_value=
ac_cv_env_CPP_set=
ac_cv_env_CPP_value=
ac_cv_env_CXXCPP_set=
ac_cv_env_CXXCPP_value=
ac_cv_env_CXXFLAGS_set=
ac_cv_env_CXXFLAGS_value=
ac_cv_env_CXX_set=
ac_cv_env_CXX_value=
ac_cv_env_LDFLAGS_set=
ac_cv_env_LDFLAGS_value=
ac_cv_env_build_alias_set=
ac_cv_env_build_alias_value=
ac_cv_env_host_alias_set=
ac_cv_env_host_alias_value=
ac_cv_env_target_alias_set=
ac_cv_env_target_alias_value=
ac_cv_func_malloc_works=yes
ac_cv_func_strcasecmp=yes
ac_cv_header_stdc=no
ac_cv_header_stdlib_h=yes
ac_cv_header_unistd_h=yes
ac_cv_objext=o
ac_cv_path_AR=/usr/bin/ar
ac_cv_path_AS=/usr/bin/as
ac_cv_path_DOXYGEN=doxygen
ac_cv_path_LD=/usr/bin/ld
ac_cv_path_MAKEDEPEND='makedepend '
ac_cv_path_MKDIR=/bin/mkdir
ac_cv_path_NM=/usr/bin/nm
ac_cv_path_RM=/bin/rm
ac_cv_path_STRIP=/usr/bin/strip
ac_cv_path_TAR=/usr/bin/tar
ac_cv_path_TCL=/usr/bin/tclsh
ac_cv_path_TOUCH=/usr/bin/touch
ac_cv_path_install='/usr/local/bin/ginstall -c'
ac_cv_prog_CPP='gcc -E'
ac_cv_prog_CXXCPP='g++ -E'
ac_cv_prog_JAR=jar
ac_cv_prog_JAVA=java
ac_cv_prog_JAVAC=javac
ac_cv_prog_ac_ct_CC=gcc
ac_cv_prog_ac_ct_CXX=g++
ac_cv_prog_ac_ct_RANLIB=ranlib
ac_cv_prog_cc_g=yes
ac_cv_prog_cc_stdc=
ac_cv_prog_cxx_g=yes
ac_cv_prog_java_works=yes
ac_cv_prog_javac_works=yes
ac_cv_prog_make_make_set=yes
ac_cv_prog_uudecode=yes
ac_cv_prog_uudecode_base64=yes

## ------------ ##
## confdefs.h.  ##
## ------------ ##

#ifdef __cplusplus
#include <stdlib.h>
#endif
#define HAVE_STDLIB_H 1
#define HAVE_UNISTD_H 1
#define HAVE_STDLIB_H 1
#define HAVE_MALLOC 1
#define HAVE_STRCASECMP 1


configure: exit 0
